<?xml version="1.0" encoding="UTF-8"?>
<!-- Generated by org.testng.reporters.JUnitReportReporter -->
<testsuite skipped="0" hostname="Jeevan" name="Day1.Loginmodule" tests="1" failures="0" timestamp="2022-07-11T12:36:07 IST" time="5.959" errors="0">
  <testcase name="login" time="5.959" classname="Day1.Loginmodule"/>
  <system-out/>
</testsuite> <!-- Day1.Loginmodule -->
